0 silly argv {
0 silly argv   _: [ 'add' ],
0 silly argv   dev: true,
0 silly argv   D: true,
0 silly argv   scope: 'client',
0 silly argv   globs: [],
0 silly argv   lernaVersion: '5.4.3',
0 silly argv   '$0': 'node_modules\\lerna\\cli.js',
0 silly argv   pkg: '@gravity-ui/uikit'
0 silly argv }
1 notice cli v5.4.3
2 verbose rootPath C:\Users\Gyxer\Desktop\Programing\Alchemica
3 error JSONError: Expected double-quoted property name in JSON at position 415 while parsing '{  "name": "client",  "version": "0.0.' in packages\client\package.json
3 error
3 error [0m [90m 17 |[39m     [32m"react"[39m[33m:[39m [32m"^18.2.0"[39m[33m,[39m[0m
3 error [0m [90m 18 |[39m     [32m"react-dom"[39m[33m:[39m [32m"^18.2.0"[39m[33m,[39m[0m
3 error [0m[31m[1m>[22m[39m[90m 19 |[39m   }[33m,[39m[0m
3 error [0m [90m    |[39m   [31m[1m^[22m[39m[0m
3 error [0m [90m 20 |[39m   [32m"devDependencies"[39m[33m:[39m {[0m
3 error [0m [90m 21 |[39m     [32m"@testing-library/react"[39m[33m:[39m [32m"^13.3.0"[39m[33m,[39m[0m
3 error [0m [90m 22 |[39m     [32m"@types/jest"[39m[33m:[39m [32m"^28.1.8"[39m[33m,[39m[0m
3 error
3 error     at parseJson (C:\Users\Gyxer\Desktop\Programing\Alchemica\node_modules\parse-json\index.js:29:21)
3 error     at parse (C:\Users\Gyxer\Desktop\Programing\Alchemica\node_modules\load-json-file\index.js:15:9)
3 error     at module.exports (C:\Users\Gyxer\Desktop\Programing\Alchemica\node_modules\load-json-file\index.js:18:47)
